total 16445
drwxr-xr-x    31 root  wheel     1122  3 27 15:56 .
drwxr-xr-x    31 root  wheel     1122  3 27 15:56 ..
d--x--x--x     8 root  wheel      272 12 30  2013 .DocumentRevisions-V100
drwxr-xr-x     2 root  wheel       68 10 31  2013 .PKInstallSandboxManager
drwx------     5 root  wheel      170 10 31  2013 .Spotlight-V100
d-wx-wx-wt     2 root  wheel       68 12 21  2013 .Trashes
srwxrwxrwx     1 root  wheel        0  3 27 15:56 .dbfseventsd
----------     1 root  admin        0  9 13  2013 .file
drwx------  1600 root  wheel    54400  3 27 01:55 .fseventsd
drwxr-xr-x@    2 root  wheel       68  9 13  2013 .vol
drwxrwxr-x+   50 root  admin     1700 12 20 13:26 Applications
drwxr-xr-x+   63 root  wheel     2142  3 26 13:02 Library
drwxr-xr-x@    2 root  wheel       68  9 13  2013 Network
drwxr-xr-x+    4 root  wheel      136 10 31  2013 System
drwxr-xr-x     5 root  admin      170 12 21  2013 Users
drwxrwxrwt@    3 root  admin      102  3 27 16:00 Volumes
drwxr-xr-x@   39 root  wheel     1326  5  4  2015 bin
drwxrwxr-t@    2 root  admin       68  9 13  2013 cores
dr-xr-xr-x     3 root  wheel     4263  3 27 15:56 dev
lrwxr-xr-x@    1 root  wheel       11 10 31  2013 etc -> private/etc
dr-xr-xr-x     2 root  wheel        1  3 27 19:51 home
-rwxr-xr-x@    1 root  wheel  8394200  8 18  2014 mach_kernel
dr-xr-xr-x     2 root  wheel        1  3 27 19:51 net
drwxr-xr-x@    6 root  wheel      204 10 31  2013 private
drwxr-xr-x@   62 root  wheel     2108  5  4  2015 sbin
lrwxr-xr-x@    1 root  wheel       11 10 31  2013 tmp -> private/tmp
drwxr-xr-x@   12 root  wheel      408 12 20 13:52 usr
lrwxr-xr-x@    1 root  wheel       11 10 31  2013 var -> private/var
lrwxr-xr-x     1 root  wheel       49 12 21  2013 ユーザ情報 -> /Library/Documentation/User Information.localized
